# JRE version: Java(TM) SE Runtime Environment (8.0_102-b14) (build 1.8.0_102-b14)
# Java VM: Java HotSpot(TM) 64-Bit Server VM (25.102-b14 mixed mode windows-amd64 compressed oops)
Heap:
 PSYoungGen      total 106496K, used 52020K [0x0000000775100000, 0x000000077c100000, 0x00000007c0000000)
  eden space 98304K, 52% used [0x0000000775100000,0x00000007783cd288,0x000000077b100000)
  from space 8192K, 0% used [0x000000077b900000,0x000000077b900000,0x000000077c100000)
  to   space 8192K, 0% used [0x000000077b100000,0x000000077b100000,0x000000077b900000)
 ParOldGen       total 50176K, used 14590K [0x00000006df200000, 0x00000006e2300000, 0x0000000775100000)
  object space 50176K, 29% used [0x00000006df200000,0x00000006e003fb00,0x00000006e2300000)
 Metaspace       used 27294K, capacity 27900K, committed 28032K, reserved 1073152K
  class space    used 3242K, capacity 3429K, committed 3456K, reserved 1048576K
GC Heap History (10 events):
Event: 24.700 GC heap before
{Heap before GC invocations=5 (full 0):
 PSYoungGen      total 28160K, used 28144K [0x0000000775100000, 0x0000000778800000, 0x00000007c0000000)
  eden space 24576K, 100% used [0x0000000775100000,0x0000000776900000,0x0000000776900000)
  from space 3584K, 99% used [0x0000000776c80000,0x0000000776ffc020,0x0000000777000000)
  to   space 3584K, 0% used [0x0000000776900000,0x0000000776900000,0x0000000776c80000)
 ParOldGen       total 64512K, used 8763K [0x00000006df200000, 0x00000006e3100000, 0x0000000775100000)
  object space 64512K, 13% used [0x00000006df200000,0x00000006dfa8ee28,0x00000006e3100000)
 Metaspace       used 18631K, capacity 18932K, committed 19328K, reserved 1067008K
  class space    used 1997K, capacity 2066K, committed 2176K, reserved 1048576K
Event: 24.778 GC heap after
Heap after GC invocations=5 (full 0):
 PSYoungGen      total 28160K, used 3584K [0x0000000775100000, 0x0000000779200000, 0x00000007c0000000)
  eden space 24576K, 0% used [0x0000000775100000,0x0000000775100000,0x0000000776900000)
  from space 3584K, 100% used [0x0000000776900000,0x0000000776c80000,0x0000000776c80000)
  to   space 8704K, 0% used [0x0000000778980000,0x0000000778980000,0x0000000779200000)
 ParOldGen       total 64512K, used 11882K [0x00000006df200000, 0x00000006e3100000, 0x0000000775100000)
  object space 64512K, 18% used [0x00000006df200000,0x00000006dfd9aaf0,0x00000006e3100000)
 Metaspace       used 18631K, capacity 18932K, committed 19328K, reserved 1067008K
  class space    used 1997K, capacity 2066K, committed 2176K, reserved 1048576K
}
Event: 27.281 GC heap before
{Heap before GC invocations=6 (full 0):
 PSYoungGen      total 28160K, used 28160K [0x0000000775100000, 0x0000000779200000, 0x00000007c0000000)
  eden space 24576K, 100% used [0x0000000775100000,0x0000000776900000,0x0000000776900000)
  from space 3584K, 100% used [0x0000000776900000,0x0000000776c80000,0x0000000776c80000)
  to   space 8704K, 0% used [0x0000000778980000,0x0000000778980000,0x0000000779200000)
 ParOldGen       total 64512K, used 11882K [0x00000006df200000, 0x00000006e3100000, 0x0000000775100000)
  object space 64512K, 18% used [0x00000006df200000,0x00000006dfd9aaf0,0x00000006e3100000)
 Metaspace       used 18983K, capacity 19296K, committed 19584K, reserved 1067008K
  class space    used 2014K, capacity 2102K, committed 2176K, reserved 1048576K
Event: 27.454 GC heap after
Heap after GC invocations=6 (full 0):
 PSYoungGen      total 57856K, used 6552K [0x0000000775100000, 0x0000000779200000, 0x00000007c0000000)
  eden space 49152K, 0% used [0x0000000775100000,0x0000000775100000,0x0000000778100000)
  from space 8704K, 75% used [0x0000000778980000,0x0000000778fe6368,0x0000000779200000)
  to   space 8704K, 0% used [0x0000000778100000,0x0000000778100000,0x0000000778980000)
 ParOldGen       total 64512K, used 11890K [0x00000006df200000, 0x00000006e3100000, 0x0000000775100000)
  object space 64512K, 18% used [0x00000006df200000,0x00000006dfd9caf0,0x00000006e3100000)
 Metaspace       used 18983K, capacity 19296K, committed 19584K, reserved 1067008K
  class space    used 2014K, capacity 2102K, committed 2176K, reserved 1048576K
}
Event: 31.449 GC heap before
{Heap before GC invocations=7 (full 0):
 PSYoungGen      total 57856K, used 55704K [0x0000000775100000, 0x0000000779200000, 0x00000007c0000000)
  eden space 49152K, 100% used [0x0000000775100000,0x0000000778100000,0x0000000778100000)
  from space 8704K, 75% used [0x0000000778980000,0x0000000778fe6368,0x0000000779200000)
  to   space 8704K, 0% used [0x0000000778100000,0x0000000778100000,0x0000000778980000)
 ParOldGen       total 64512K, used 11890K [0x00000006df200000, 0x00000006e3100000, 0x0000000775100000)
  object space 64512K, 18% used [0x00000006df200000,0x00000006dfd9caf0,0x00000006e3100000)
 Metaspace       used 19298K, capacity 19664K, committed 19840K, reserved 1067008K
  class space    used 2050K, capacity 2138K, committed 2176K, reserved 1048576K
Event: 31.476 GC heap after
Heap after GC invocations=7 (full 0):
 PSYoungGen      total 57856K, used 5920K [0x0000000775100000, 0x000000077c100000, 0x00000007c0000000)
  eden space 49152K, 0% used [0x0000000775100000,0x0000000775100000,0x0000000778100000)
  from space 8704K, 68% used [0x0000000778100000,0x00000007786c8000,0x0000000778980000)
  to   space 8192K, 0% used [0x000000077b900000,0x000000077b900000,0x000000077c100000)
 ParOldGen       total 64512K, used 13505K [0x00000006df200000, 0x00000006e3100000, 0x0000000775100000)
  object space 64512K, 20% used [0x00000006df200000,0x00000006dff307b0,0x00000006e3100000)
 Metaspace       used 19298K, capacity 19664K, committed 19840K, reserved 1067008K
  class space    used 2050K, capacity 2138K, committed 2176K, reserved 1048576K
}
Event: 32.594 GC heap before
{Heap before GC invocations=8 (full 0):
 PSYoungGen      total 57856K, used 23544K [0x0000000775100000, 0x000000077c100000, 0x00000007c0000000)
  eden space 49152K, 35% used [0x0000000775100000,0x0000000776236238,0x0000000778100000)
  from space 8704K, 68% used [0x0000000778100000,0x00000007786c8000,0x0000000778980000)
  to   space 8192K, 0% used [0x000000077b900000,0x000000077b900000,0x000000077c100000)
 ParOldGen       total 64512K, used 13505K [0x00000006df200000, 0x00000006e3100000, 0x0000000775100000)
  object space 64512K, 20% used [0x00000006df200000,0x00000006dff307b0,0x00000006e3100000)
 Metaspace       used 20865K, capacity 21132K, committed 21296K, reserved 1069056K
  class space    used 2302K, capacity 2370K, committed 2432K, reserved 1048576K
Event: 32.631 GC heap after
Heap after GC invocations=8 (full 0):
 PSYoungGen      total 106496K, used 6768K [0x0000000775100000, 0x000000077c100000, 0x00000007c0000000)
  eden space 98304K, 0% used [0x0000000775100000,0x0000000775100000,0x000000077b100000)
  from space 8192K, 82% used [0x000000077b900000,0x000000077bf9c010,0x000000077c100000)
  to   space 8192K, 0% used [0x000000077b100000,0x000000077b100000,0x000000077b900000)
 ParOldGen       total 64512K, used 14201K [0x00000006df200000, 0x00000006e3100000, 0x0000000775100000)
  object space 64512K, 22% used [0x00000006df200000,0x00000006dffde7d0,0x00000006e3100000)
 Metaspace       used 20865K, capacity 21132K, committed 21296K, reserved 1069056K
  class space    used 2302K, capacity 2370K, committed 2432K, reserved 1048576K
}
Event: 32.631 GC heap before
{Heap before GC invocations=9 (full 1):
 PSYoungGen      total 106496K, used 6768K [0x0000000775100000, 0x000000077c100000, 0x00000007c0000000)
  eden space 98304K, 0% used [0x0000000775100000,0x0000000775100000,0x000000077b100000)
  from space 8192K, 82% used [0x000000077b900000,0x000000077bf9c010,0x000000077c100000)
  to   space 8192K, 0% used [0x000000077b100000,0x000000077b100000,0x000000077b900000)
 ParOldGen       total 64512K, used 14201K [0x00000006df200000, 0x00000006e3100000, 0x0000000775100000)
  object space 64512K, 22% used [0x00000006df200000,0x00000006dffde7d0,0x00000006e3100000)
 Metaspace       used 20865K, capacity 21132K, committed 21296K, reserved 1069056K
  class space    used 2302K, capacity 2370K, committed 2432K, reserved 1048576K
Event: 32.867 GC heap after
Heap after GC invocations=9 (full 1):
 PSYoungGen      total 106496K, used 0K [0x0000000775100000, 0x000000077c100000, 0x00000007c0000000)
  eden space 98304K, 0% used [0x0000000775100000,0x0000000775100000,0x000000077b100000)
  from space 8192K, 0% used [0x000000077b900000,0x000000077b900000,0x000000077c100000)
  to   space 8192K, 0% used [0x000000077b100000,0x000000077b100000,0x000000077b900000)
 ParOldGen       total 50176K, used 14590K [0x00000006df200000, 0x00000006e2300000, 0x0000000775100000)
  object space 50176K, 29% used [0x00000006df200000,0x00000006e003fb00,0x00000006e2300000)
 Metaspace       used 20865K, capacity 21132K, committed 21296K, reserved 1069056K
  class space    used 2302K, capacity 2370K, committed 2432K, reserved 1048576K
}

